# JRE version: Java(TM) SE Runtime Environment (8.0_121-b13) (build 1.8.0_121-b13)
# Java VM: Java HotSpot(TM) 64-Bit Server VM (25.121-b13 mixed mode linux-amd64 compressed oops)
Heap:
 PSYoungGen      total 54272K, used 1271K [0x00000000eab00000, 0x00000000ef180000, 0x0000000100000000)
  eden space 42496K, 2% used [0x00000000eab00000,0x00000000eac3ddf8,0x00000000ed480000)
  from space 11776K, 0% used [0x00000000ee000000,0x00000000ee000000,0x00000000eeb80000)
  to   space 11776K, 0% used [0x00000000ed480000,0x00000000ed480000,0x00000000ee000000)
 ParOldGen       total 111616K, used 21765K [0x00000000c0000000, 0x00000000c6d00000, 0x00000000eab00000)
  object space 111616K, 19% used [0x00000000c0000000,0x00000000c1541620,0x00000000c6d00000)
 Metaspace       used 53444K, capacity 57650K, committed 59096K, reserved 1099776K
  class space    used 7868K, capacity 8407K, committed 8960K, reserved 1048576K
GC Heap History (10 events):
Event: 339,861 GC heap before
{Heap before GC invocations=47 (full 2):
 PSYoungGen      total 52736K, used 50858K [0x00000000eab00000, 0x00000000ee900000, 0x0000000100000000)
  eden space 44544K, 100% used [0x00000000eab00000,0x00000000ed680000,0x00000000ed680000)
  from space 8192K, 77% used [0x00000000edf80000,0x00000000ee5aa950,0x00000000ee780000)
  to   space 9216K, 0% used [0x00000000ed680000,0x00000000ed680000,0x00000000edf80000)
 ParOldGen       total 90112K, used 25839K [0x00000000c0000000, 0x00000000c5800000, 0x00000000eab00000)
  object space 90112K, 28% used [0x00000000c0000000,0x00000000c193bc88,0x00000000c5800000)
 Metaspace       used 53539K, capacity 57880K, committed 58112K, reserved 1099776K
  class space    used 8071K, capacity 8625K, committed 8704K, reserved 1048576K
Event: 339,866 GC heap after
Heap after GC invocations=47 (full 2):
 PSYoungGen      total 53248K, used 6823K [0x00000000eab00000, 0x00000000eea00000, 0x0000000100000000)
  eden space 44032K, 0% used [0x00000000eab00000,0x00000000eab00000,0x00000000ed600000)
  from space 9216K, 74% used [0x00000000ed680000,0x00000000edd29f90,0x00000000edf80000)
  to   space 10240K, 0% used [0x00000000ee000000,0x00000000ee000000,0x00000000eea00000)
 ParOldGen       total 90112K, used 25871K [0x00000000c0000000, 0x00000000c5800000, 0x00000000eab00000)
  object space 90112K, 28% used [0x00000000c0000000,0x00000000c1943c88,0x00000000c5800000)
 Metaspace       used 53539K, capacity 57880K, committed 58112K, reserved 1099776K
  class space    used 8071K, capacity 8625K, committed 8704K, reserved 1048576K
}
Event: 375,883 GC heap before
{Heap before GC invocations=48 (full 2):
 PSYoungGen      total 53248K, used 50855K [0x00000000eab00000, 0x00000000eea00000, 0x0000000100000000)
  eden space 44032K, 100% used [0x00000000eab00000,0x00000000ed600000,0x00000000ed600000)
  from space 9216K, 74% used [0x00000000ed680000,0x00000000edd29f90,0x00000000edf80000)
  to   space 10240K, 0% used [0x00000000ee000000,0x00000000ee000000,0x00000000eea00000)
 ParOldGen       total 90112K, used 25871K [0x00000000c0000000, 0x00000000c5800000, 0x00000000eab00000)
  object space 90112K, 28% used [0x00000000c0000000,0x00000000c1943c88,0x00000000c5800000)
 Metaspace       used 53613K, capacity 57884K, committed 58112K, reserved 1099776K
  class space    used 8071K, capacity 8625K, committed 8704K, reserved 1048576K
Event: 375,890 GC heap after
Heap after GC invocations=48 (full 2):
 PSYoungGen      total 53248K, used 7175K [0x00000000eab00000, 0x00000000eeb80000, 0x0000000100000000)
  eden space 43008K, 0% used [0x00000000eab00000,0x00000000eab00000,0x00000000ed500000)
  from space 10240K, 70% used [0x00000000ee000000,0x00000000ee701f90,0x00000000eea00000)
  to   space 11264K, 0% used [0x00000000ed500000,0x00000000ed500000,0x00000000ee000000)
 ParOldGen       total 90112K, used 25903K [0x00000000c0000000, 0x00000000c5800000, 0x00000000eab00000)
  object space 90112K, 28% used [0x00000000c0000000,0x00000000c194bc88,0x00000000c5800000)
 Metaspace       used 53613K, capacity 57884K, committed 58112K, reserved 1099776K
  class space    used 8071K, capacity 8625K, committed 8704K, reserved 1048576K
}
Event: 382,751 GC heap before
{Heap before GC invocations=49 (full 2):
 PSYoungGen      total 53248K, used 50183K [0x00000000eab00000, 0x00000000eeb80000, 0x0000000100000000)
  eden space 43008K, 100% used [0x00000000eab00000,0x00000000ed500000,0x00000000ed500000)
  from space 10240K, 70% used [0x00000000ee000000,0x00000000ee701f90,0x00000000eea00000)
  to   space 11264K, 0% used [0x00000000ed500000,0x00000000ed500000,0x00000000ee000000)
 ParOldGen       total 90112K, used 25903K [0x00000000c0000000, 0x00000000c5800000, 0x00000000eab00000)
  object space 90112K, 28% used [0x00000000c0000000,0x00000000c194bc88,0x00000000c5800000)
 Metaspace       used 54047K, capacity 58444K, committed 58752K, reserved 1099776K
  class space    used 8131K, capacity 8761K, committed 8832K, reserved 1048576K
Event: 382,756 GC heap after
Heap after GC invocations=49 (full 2):
 PSYoungGen      total 53760K, used 7012K [0x00000000eab00000, 0x00000000eeb80000, 0x0000000100000000)
  eden space 42496K, 0% used [0x00000000eab00000,0x00000000eab00000,0x00000000ed480000)
  from space 11264K, 62% used [0x00000000ed500000,0x00000000edbd93a8,0x00000000ee000000)
  to   space 11776K, 0% used [0x00000000ee000000,0x00000000ee000000,0x00000000eeb80000)
 ParOldGen       total 90112K, used 25927K [0x00000000c0000000, 0x00000000c5800000, 0x00000000eab00000)
  object space 90112K, 28% used [0x00000000c0000000,0x00000000c1951c88,0x00000000c5800000)
 Metaspace       used 54047K, capacity 58444K, committed 58752K, reserved 1099776K
  class space    used 8131K, capacity 8761K, committed 8832K, reserved 1048576K
}
Event: 382,807 GC heap before
{Heap before GC invocations=50 (full 2):
 PSYoungGen      total 53760K, used 17460K [0x00000000eab00000, 0x00000000eeb80000, 0x0000000100000000)
  eden space 42496K, 24% used [0x00000000eab00000,0x00000000eb533ec8,0x00000000ed480000)
  from space 11264K, 62% used [0x00000000ed500000,0x00000000edbd93a8,0x00000000ee000000)
  to   space 11776K, 0% used [0x00000000ee000000,0x00000000ee000000,0x00000000eeb80000)
 ParOldGen       total 90112K, used 25927K [0x00000000c0000000, 0x00000000c5800000, 0x00000000eab00000)
  object space 90112K, 28% used [0x00000000c0000000,0x00000000c1951c88,0x00000000c5800000)
 Metaspace       used 54218K, capacity 58876K, committed 59096K, reserved 1099776K
  class space    used 8199K, capacity 8929K, committed 8960K, reserved 1048576K
Event: 382,811 GC heap after
Heap after GC invocations=50 (full 2):
 PSYoungGen      total 54272K, used 6564K [0x00000000eab00000, 0x00000000ef180000, 0x0000000100000000)
  eden space 42496K, 0% used [0x00000000eab00000,0x00000000eab00000,0x00000000ed480000)
  from space 11776K, 55% used [0x00000000ee000000,0x00000000ee6693a8,0x00000000eeb80000)
  to   space 11776K, 0% used [0x00000000ed480000,0x00000000ed480000,0x00000000ee000000)
 ParOldGen       total 90112K, used 25951K [0x00000000c0000000, 0x00000000c5800000, 0x00000000eab00000)
  object space 90112K, 28% used [0x00000000c0000000,0x00000000c1957c88,0x00000000c5800000)
 Metaspace       used 54218K, capacity 58876K, committed 59096K, reserved 1099776K
  class space    used 8199K, capacity 8929K, committed 8960K, reserved 1048576K
}
Event: 382,811 GC heap before
{Heap before GC invocations=51 (full 3):
 PSYoungGen      total 54272K, used 6564K [0x00000000eab00000, 0x00000000ef180000, 0x0000000100000000)
  eden space 42496K, 0% used [0x00000000eab00000,0x00000000eab00000,0x00000000ed480000)
  from space 11776K, 55% used [0x00000000ee000000,0x00000000ee6693a8,0x00000000eeb80000)
  to   space 11776K, 0% used [0x00000000ed480000,0x00000000ed480000,0x00000000ee000000)
 ParOldGen       total 90112K, used 25951K [0x00000000c0000000, 0x00000000c5800000, 0x00000000eab00000)
  object space 90112K, 28% used [0x00000000c0000000,0x00000000c1957c88,0x00000000c5800000)
 Metaspace       used 54218K, capacity 58876K, committed 59096K, reserved 1099776K
  class space    used 8199K, capacity 8929K, committed 8960K, reserved 1048576K
Event: 382,926 GC heap after
Heap after GC invocations=51 (full 3):
 PSYoungGen      total 54272K, used 0K [0x00000000eab00000, 0x00000000ef180000, 0x0000000100000000)
  eden space 42496K, 0% used [0x00000000eab00000,0x00000000eab00000,0x00000000ed480000)
  from space 11776K, 0% used [0x00000000ee000000,0x00000000ee000000,0x00000000eeb80000)
  to   space 11776K, 0% used [0x00000000ed480000,0x00000000ed480000,0x00000000ee000000)
 ParOldGen       total 111616K, used 21765K [0x00000000c0000000, 0x00000000c6d00000, 0x00000000eab00000)
  object space 111616K, 19% used [0x00000000c0000000,0x00000000c1541620,0x00000000c6d00000)
 Metaspace       used 53442K, capacity 57618K, committed 59096K, reserved 1099776K
  class space    used 7866K, capacity 8375K, committed 8960K, reserved 1048576K
}

